This file contains any messages produced by compilers while
running configure, to aid debugging if configure makes a mistake.

It was created by btnx-config configure 0.4.9, which was
generated by GNU Autoconf 2.61.  Invocation command line was

  $ ./configure --no-create --no-recursion

## --------- ##
## Platform. ##
## --------- ##

hostname = rmcguire-m
uname -m = x86_64
uname -r = 3.8.0-27-generic
uname -s = Linux
uname -v = #40-Ubuntu SMP Tue Jul 9 00:17:05 UTC 2013

/usr/bin/uname -p = unknown
/bin/uname -X     = unknown

/bin/arch              = unknown
/usr/bin/arch -k       = unknown
/usr/convex/getsysinfo = unknown
/usr/bin/hostinfo      = unknown
/bin/machine           = unknown
/usr/bin/oslevel       = unknown
/bin/universe          = unknown

PATH: /home/rmcguire/Documents/Programming/d/bin
PATH: /home/rmcguire/Documents/Programming/go/bin
PATH: /usr/local/go/bin
PATH: /home/rmcguire/bin
PATH: /usr/lib/lightdm/lightdm
PATH: /usr/local/sbin
PATH: /usr/local/bin
PATH: /usr/sbin
PATH: /usr/bin
PATH: /sbin
PATH: /bin
PATH: /usr/games
PATH: /usr/local/games
PATH: /home/rmcguire/Applications/go_appengine


## ----------- ##
## Core tests. ##
## ----------- ##

configure:1902: checking for a BSD-compatible install
configure:1958: result: /usr/bin/install -c
configure:1969: checking whether build environment is sane
configure:2012: result: yes
configure:2040: checking for a thread-safe mkdir -p
configure:2079: result: /bin/mkdir -p
configure:2092: checking for gawk
configure:2108: found /usr/bin/gawk
configure:2119: result: gawk
configure:2130: checking whether make sets $(MAKE)
configure:2151: result: yes
configure:2389: checking for gcc
configure:2405: found /usr/bin/gcc
configure:2416: result: gcc
configure:2654: checking for C compiler version
configure:2661: gcc --version >&5
gcc (Ubuntu/Linaro 4.7.3-1ubuntu1) 4.7.3
Copyright (C) 2012 Free Software Foundation, Inc.
This is free software; see the source for copying conditions.  There is NO
warranty; not even for MERCHANTABILITY or FITNESS FOR A PARTICULAR PURPOSE.

configure:2664: $? = 0
configure:2671: gcc -v >&5
Using built-in specs.
COLLECT_GCC=gcc
COLLECT_LTO_WRAPPER=/usr/lib/gcc/x86_64-linux-gnu/4.7/lto-wrapper
Target: x86_64-linux-gnu
Configured with: ../src/configure -v --with-pkgversion='Ubuntu/Linaro 4.7.3-1ubuntu1' --with-bugurl=file:///usr/share/doc/gcc-4.7/README.Bugs --enable-languages=c,c++,go,fortran,objc,obj-c++ --prefix=/usr --program-suffix=-4.7 --enable-shared --enable-linker-build-id --libexecdir=/usr/lib --without-included-gettext --enable-threads=posix --with-gxx-include-dir=/usr/include/c++/4.7 --libdir=/usr/lib --enable-nls --with-sysroot=/ --enable-clocale=gnu --enable-libstdcxx-debug --enable-libstdcxx-time=yes --enable-gnu-unique-object --enable-plugin --with-system-zlib --enable-objc-gc --with-cloog --enable-cloog-backend=ppl --disable-cloog-version-check --disable-ppl-version-check --enable-multiarch --disable-werror --with-arch-32=i686 --with-abi=m64 --with-multilib-list=m32,m64,mx32 --with-tune=generic --enable-checking=release --build=x86_64-linux-gnu --host=x86_64-linux-gnu --target=x86_64-linux-gnu
Thread model: posix
gcc version 4.7.3 (Ubuntu/Linaro 4.7.3-1ubuntu1) 
configure:2674: $? = 0
configure:2681: gcc -V >&5
gcc: error: unrecognized command line option '-V'
gcc: fatal error: no input files
compilation terminated.
configure:2684: $? = 4
configure:2707: checking for C compiler default output file name
configure:2734: gcc    conftest.c  >&5
configure:2737: $? = 0
configure:2775: result: a.out
configure:2792: checking whether the C compiler works
configure:2802: ./a.out
configure:2805: $? = 0
configure:2822: result: yes
configure:2829: checking whether we are cross compiling
configure:2831: result: no
configure:2834: checking for suffix of executables
configure:2841: gcc -o conftest    conftest.c  >&5
configure:2844: $? = 0
configure:2868: result: 
configure:2874: checking for suffix of object files
configure:2900: gcc -c   conftest.c >&5
configure:2903: $? = 0
configure:2926: result: o
configure:2930: checking whether we are using the GNU C compiler
configure:2959: gcc -c   conftest.c >&5
configure:2965: $? = 0
configure:2982: result: yes
configure:2987: checking whether gcc accepts -g
configure:3017: gcc -c -g  conftest.c >&5
configure:3023: $? = 0
configure:3122: result: yes
configure:3139: checking for gcc option to accept ISO C89
configure:3213: gcc  -c -g -O2  conftest.c >&5
configure:3219: $? = 0
configure:3242: result: none needed
configure:3271: checking for style of include used by make
configure:3299: result: GNU
configure:3324: checking dependency style of gcc
configure:3415: result: gcc3
configure:3430: checking whether make sets $(MAKE)
configure:3451: result: yes
configure:3507: checking for scrollkeeper-config
configure:3535: result: no
configure:3547: checking for gksu
configure:3564: found /usr/bin/gksu
configure:3575: result: gksu
configure:3779: checking for tar
configure:3797: found /bin/tar
configure:3810: result: /bin/tar
configure:3874: checking for pkg-config
configure:3892: found /usr/bin/pkg-config
configure:3904: result: /usr/bin/pkg-config
configure:3933: checking pkg-config is at least version 0.9.0
configure:3936: result: yes
configure:3947: checking for GTK
configure:3955: $PKG_CONFIG --exists --print-errors "gtk+-2.0 >= 2.10.4"
configure:3958: $? = 0
configure:3973: $PKG_CONFIG --exists --print-errors "gtk+-2.0 >= 2.10.4"
configure:3976: $? = 0
configure:4052: result: yes
configure:4058: checking for GLIB
configure:4066: $PKG_CONFIG --exists --print-errors "glib-2.0 >= 2.12.3"
configure:4069: $? = 0
configure:4084: $PKG_CONFIG --exists --print-errors "glib-2.0 >= 2.12.3"
configure:4087: $? = 0
configure:4163: result: yes
configure:4169: checking for GLADE
configure:4177: $PKG_CONFIG --exists --print-errors "libglade-2.0 >= 2.6.0"
configure:4180: $? = 0
configure:4195: $PKG_CONFIG --exists --print-errors "libglade-2.0 >= 2.6.0"
configure:4198: $? = 0
configure:4274: result: yes
configure:4286: checking how to run the C preprocessor
configure:4326: gcc -E  conftest.c
configure:4332: $? = 0
configure:4363: gcc -E  conftest.c
conftest.c:21:28: fatal error: ac_nonexistent.h: No such file or directory
compilation terminated.
configure:4369: $? = 1
configure: failed program was:
| /* confdefs.h.  */
| #define PACKAGE_NAME "btnx-config"
| #define PACKAGE_TARNAME "btnx-config"
| #define PACKAGE_VERSION "0.4.9"
| #define PACKAGE_STRING "btnx-config 0.4.9"
| #define PACKAGE_BUGREPORT "oasalonen@gmail.com"
| #define PACKAGE "btnx-config"
| #define VERSION "0.4.9"
| #define _GNU_SOURCE 1
| #define PREFIX "/usr"
| #define INIT_SCRIPTS_PATH "/etc/init.d"
| #define UDEV_RULES_PATH "/etc/udev/rules.d"
| #define HAVE_SCROLLKEEPER 0
| #define HAVE_HELP 0
| #define HELP_VIEWER_FULL_PATH ""
| #define DOC_NAME ""
| #define DOC_PATH "/usr/share/btnx-config/doc"
| #define DOC_FULL_PATH "/usr/share/btnx-config/doc/btnx-manual/C/"
| #define TAR_PATH "/bin/tar"
| /* end confdefs.h.  */
| #include <ac_nonexistent.h>
configure:4402: result: gcc -E
configure:4431: gcc -E  conftest.c
configure:4437: $? = 0
configure:4468: gcc -E  conftest.c
conftest.c:21:28: fatal error: ac_nonexistent.h: No such file or directory
compilation terminated.
configure:4474: $? = 1
configure: failed program was:
| /* confdefs.h.  */
| #define PACKAGE_NAME "btnx-config"
| #define PACKAGE_TARNAME "btnx-config"
| #define PACKAGE_VERSION "0.4.9"
| #define PACKAGE_STRING "btnx-config 0.4.9"
| #define PACKAGE_BUGREPORT "oasalonen@gmail.com"
| #define PACKAGE "btnx-config"
| #define VERSION "0.4.9"
| #define _GNU_SOURCE 1
| #define PREFIX "/usr"
| #define INIT_SCRIPTS_PATH "/etc/init.d"
| #define UDEV_RULES_PATH "/etc/udev/rules.d"
| #define HAVE_SCROLLKEEPER 0
| #define HAVE_HELP 0
| #define HELP_VIEWER_FULL_PATH ""
| #define DOC_NAME ""
| #define DOC_PATH "/usr/share/btnx-config/doc"
| #define DOC_FULL_PATH "/usr/share/btnx-config/doc/btnx-manual/C/"
| #define TAR_PATH "/bin/tar"
| /* end confdefs.h.  */
| #include <ac_nonexistent.h>
configure:4512: checking for grep that handles long lines and -e
configure:4586: result: /bin/grep
configure:4591: checking for egrep
configure:4669: result: /bin/grep -E
configure:4674: checking for ANSI C header files
configure:4704: gcc -c -g -O2  conftest.c >&5
configure:4710: $? = 0
configure:4809: gcc -o conftest -g -O2   conftest.c  >&5
configure:4812: $? = 0
configure:4818: ./conftest
configure:4821: $? = 0
configure:4838: result: yes
configure:4848: checking for sys/wait.h that is POSIX.1 compatible
configure:4884: gcc -c -g -O2  conftest.c >&5
configure:4890: $? = 0
configure:4905: result: yes
configure:4929: checking for sys/types.h
configure:4950: gcc -c -g -O2  conftest.c >&5
configure:4956: $? = 0
configure:4972: result: yes
configure:4929: checking for sys/stat.h
configure:4950: gcc -c -g -O2  conftest.c >&5
configure:4956: $? = 0
configure:4972: result: yes
configure:4929: checking for stdlib.h
configure:4950: gcc -c -g -O2  conftest.c >&5
configure:4956: $? = 0
configure:4972: result: yes
configure:4929: checking for string.h
configure:4950: gcc -c -g -O2  conftest.c >&5
configure:4956: $? = 0
configure:4972: result: yes
configure:4929: checking for memory.h
configure:4950: gcc -c -g -O2  conftest.c >&5
configure:4956: $? = 0
configure:4972: result: yes
configure:4929: checking for strings.h
configure:4950: gcc -c -g -O2  conftest.c >&5
configure:4956: $? = 0
configure:4972: result: yes
configure:4929: checking for inttypes.h
configure:4950: gcc -c -g -O2  conftest.c >&5
configure:4956: $? = 0
configure:4972: result: yes
configure:4929: checking for stdint.h
configure:4950: gcc -c -g -O2  conftest.c >&5
configure:4956: $? = 0
configure:4972: result: yes
configure:4929: checking for unistd.h
configure:4950: gcc -c -g -O2  conftest.c >&5
configure:4956: $? = 0
configure:4972: result: yes
configure:5005: checking fcntl.h usability
configure:5022: gcc -c -g -O2  conftest.c >&5
configure:5028: $? = 0
configure:5042: result: yes
configure:5046: checking fcntl.h presence
configure:5061: gcc -E  conftest.c
configure:5067: $? = 0
configure:5081: result: yes
configure:5114: checking for fcntl.h
configure:5122: result: yes
configure:5005: checking libintl.h usability
configure:5022: gcc -c -g -O2  conftest.c >&5
configure:5028: $? = 0
configure:5042: result: yes
configure:5046: checking libintl.h presence
configure:5061: gcc -E  conftest.c
configure:5067: $? = 0
configure:5081: result: yes
configure:5114: checking for libintl.h
configure:5122: result: yes
configure:5005: checking locale.h usability
configure:5022: gcc -c -g -O2  conftest.c >&5
configure:5028: $? = 0
configure:5042: result: yes
configure:5046: checking locale.h presence
configure:5061: gcc -E  conftest.c
configure:5067: $? = 0
configure:5081: result: yes
configure:5114: checking for locale.h
configure:5122: result: yes
configure:4995: checking for stdlib.h
configure:5001: result: yes
configure:4995: checking for string.h
configure:5001: result: yes
configure:5005: checking sys/time.h usability
configure:5022: gcc -c -g -O2  conftest.c >&5
configure:5028: $? = 0
configure:5042: result: yes
configure:5046: checking sys/time.h presence
configure:5061: gcc -E  conftest.c
configure:5067: $? = 0
configure:5081: result: yes
configure:5114: checking for sys/time.h
configure:5122: result: yes
configure:4995: checking for unistd.h
configure:5001: result: yes
configure:5137: checking for an ANSI C-conforming const
configure:5212: gcc -c -g -O2  conftest.c >&5
configure:5218: $? = 0
configure:5233: result: yes
configure:5243: checking for pid_t
configure:5273: gcc -c -g -O2  conftest.c >&5
configure:5279: $? = 0
configure:5294: result: yes
configure:5306: checking whether time.h and sys/time.h may both be included
configure:5336: gcc -c -g -O2  conftest.c >&5
configure:5342: $? = 0
configure:5357: result: yes
configure:5384: checking vfork.h usability
configure:5401: gcc -c -g -O2  conftest.c >&5
conftest.c:73:19: fatal error: vfork.h: No such file or directory
compilation terminated.
configure:5407: $? = 1
configure: failed program was:
| /* confdefs.h.  */
| #define PACKAGE_NAME "btnx-config"
| #define PACKAGE_TARNAME "btnx-config"
| #define PACKAGE_VERSION "0.4.9"
| #define PACKAGE_STRING "btnx-config 0.4.9"
| #define PACKAGE_BUGREPORT "oasalonen@gmail.com"
| #define PACKAGE "btnx-config"
| #define VERSION "0.4.9"
| #define _GNU_SOURCE 1
| #define PREFIX "/usr"
| #define INIT_SCRIPTS_PATH "/etc/init.d"
| #define UDEV_RULES_PATH "/etc/udev/rules.d"
| #define HAVE_SCROLLKEEPER 0
| #define HAVE_HELP 0
| #define HELP_VIEWER_FULL_PATH ""
| #define DOC_NAME ""
| #define DOC_PATH "/usr/share/btnx-config/doc"
| #define DOC_FULL_PATH "/usr/share/btnx-config/doc/btnx-manual/C/"
| #define TAR_PATH "/bin/tar"
| #define STDC_HEADERS 1
| #define HAVE_SYS_WAIT_H 1
| #define HAVE_SYS_TYPES_H 1
| #define HAVE_SYS_STAT_H 1
| #define HAVE_STDLIB_H 1
| #define HAVE_STRING_H 1
| #define HAVE_MEMORY_H 1
| #define HAVE_STRINGS_H 1
| #define HAVE_INTTYPES_H 1
| #define HAVE_STDINT_H 1
| #define HAVE_UNISTD_H 1
| #define HAVE_FCNTL_H 1
| #define HAVE_LIBINTL_H 1
| #define HAVE_LOCALE_H 1
| #define HAVE_STDLIB_H 1
| #define HAVE_STRING_H 1
| #define HAVE_SYS_TIME_H 1
| #define HAVE_UNISTD_H 1
| #define TIME_WITH_SYS_TIME 1
| /* end confdefs.h.  */
| #include <stdio.h>
| #ifdef HAVE_SYS_TYPES_H
| # include <sys/types.h>
| #endif
| #ifdef HAVE_SYS_STAT_H
| # include <sys/stat.h>
| #endif
| #ifdef STDC_HEADERS
| # include <stdlib.h>
| # include <stddef.h>
| #else
| # ifdef HAVE_STDLIB_H
| #  include <stdlib.h>
| # endif
| #endif
| #ifdef HAVE_STRING_H
| # if !defined STDC_HEADERS && defined HAVE_MEMORY_H
| #  include <memory.h>
| # endif
| # include <string.h>
| #endif
| #ifdef HAVE_STRINGS_H
| # include <strings.h>
| #endif
| #ifdef HAVE_INTTYPES_H
| # include <inttypes.h>
| #endif
| #ifdef HAVE_STDINT_H
| # include <stdint.h>
| #endif
| #ifdef HAVE_UNISTD_H
| # include <unistd.h>
| #endif
| #include <vfork.h>
configure:5421: result: no
configure:5425: checking vfork.h presence
configure:5440: gcc -E  conftest.c
conftest.c:40:19: fatal error: vfork.h: No such file or directory
compilation terminated.
configure:5446: $? = 1
configure: failed program was:
| /* confdefs.h.  */
| #define PACKAGE_NAME "btnx-config"
| #define PACKAGE_TARNAME "btnx-config"
| #define PACKAGE_VERSION "0.4.9"
| #define PACKAGE_STRING "btnx-config 0.4.9"
| #define PACKAGE_BUGREPORT "oasalonen@gmail.com"
| #define PACKAGE "btnx-config"
| #define VERSION "0.4.9"
| #define _GNU_SOURCE 1
| #define PREFIX "/usr"
| #define INIT_SCRIPTS_PATH "/etc/init.d"
| #define UDEV_RULES_PATH "/etc/udev/rules.d"
| #define HAVE_SCROLLKEEPER 0
| #define HAVE_HELP 0
| #define HELP_VIEWER_FULL_PATH ""
| #define DOC_NAME ""
| #define DOC_PATH "/usr/share/btnx-config/doc"
| #define DOC_FULL_PATH "/usr/share/btnx-config/doc/btnx-manual/C/"
| #define TAR_PATH "/bin/tar"
| #define STDC_HEADERS 1
| #define HAVE_SYS_WAIT_H 1
| #define HAVE_SYS_TYPES_H 1
| #define HAVE_SYS_STAT_H 1
| #define HAVE_STDLIB_H 1
| #define HAVE_STRING_H 1
| #define HAVE_MEMORY_H 1
| #define HAVE_STRINGS_H 1
| #define HAVE_INTTYPES_H 1
| #define HAVE_STDINT_H 1
| #define HAVE_UNISTD_H 1
| #define HAVE_FCNTL_H 1
| #define HAVE_LIBINTL_H 1
| #define HAVE_LOCALE_H 1
| #define HAVE_STDLIB_H 1
| #define HAVE_STRING_H 1
| #define HAVE_SYS_TIME_H 1
| #define HAVE_UNISTD_H 1
| #define TIME_WITH_SYS_TIME 1
| /* end confdefs.h.  */
| #include <vfork.h>
configure:5460: result: no
configure:5493: checking for vfork.h
configure:5501: result: no
configure:5519: checking for fork
configure:5575: gcc -o conftest -g -O2   conftest.c  >&5
conftest.c:63:6: warning: conflicting types for built-in function 'fork' [enabled by default]
configure:5581: $? = 0
configure:5599: result: yes
configure:5519: checking for vfork
configure:5575: gcc -o conftest -g -O2   conftest.c  >&5
configure:5581: $? = 0
configure:5599: result: yes
configure:5610: checking for working fork
configure:5642: gcc -o conftest -g -O2   conftest.c  >&5
configure:5645: $? = 0
configure:5651: ./conftest
configure:5654: $? = 0
configure:5670: result: yes
configure:5691: checking for working vfork
configure:5829: result: yes
configure:5861: checking whether gcc needs -traditional
configure:5903: result: no
configure:5915: checking for stdlib.h
configure:5921: result: yes
configure:6055: checking for GNU libc compatible malloc
configure:6089: gcc -o conftest -g -O2   conftest.c  >&5
configure:6092: $? = 0
configure:6098: ./conftest
configure:6101: $? = 0
configure:6117: result: yes
configure:6150: checking for stdlib.h
configure:6156: result: yes
configure:6290: checking for GNU libc compatible realloc
configure:6324: gcc -o conftest -g -O2   conftest.c  >&5
configure:6327: $? = 0
configure:6333: ./conftest
configure:6336: $? = 0
configure:6352: result: yes
configure:6396: checking sys/select.h usability
configure:6413: gcc -c -g -O2  conftest.c >&5
configure:6419: $? = 0
configure:6433: result: yes
configure:6437: checking sys/select.h presence
configure:6452: gcc -E  conftest.c
configure:6458: $? = 0
configure:6472: result: yes
configure:6505: checking for sys/select.h
configure:6513: result: yes
configure:6396: checking sys/socket.h usability
configure:6413: gcc -c -g -O2  conftest.c >&5
configure:6419: $? = 0
configure:6433: result: yes
configure:6437: checking sys/socket.h presence
configure:6452: gcc -E  conftest.c
configure:6458: $? = 0
configure:6472: result: yes
configure:6505: checking for sys/socket.h
configure:6513: result: yes
configure:6526: checking types of arguments for select
configure:6564: gcc -c -g -O2  conftest.c >&5
configure:6570: $? = 0
configure:6591: result: int,fd_set *,struct timeval *
configure:6614: checking return type of signal handlers
configure:6642: gcc -c -g -O2  conftest.c >&5
conftest.c: In function 'main':
conftest.c:59:1: error: void value not ignored as it ought to be
configure:6648: $? = 1
configure: failed program was:
| /* confdefs.h.  */
| #define PACKAGE_NAME "btnx-config"
| #define PACKAGE_TARNAME "btnx-config"
| #define PACKAGE_VERSION "0.4.9"
| #define PACKAGE_STRING "btnx-config 0.4.9"
| #define PACKAGE_BUGREPORT "oasalonen@gmail.com"
| #define PACKAGE "btnx-config"
| #define VERSION "0.4.9"
| #define _GNU_SOURCE 1
| #define PREFIX "/usr"
| #define INIT_SCRIPTS_PATH "/etc/init.d"
| #define UDEV_RULES_PATH "/etc/udev/rules.d"
| #define HAVE_SCROLLKEEPER 0
| #define HAVE_HELP 0
| #define HELP_VIEWER_FULL_PATH ""
| #define DOC_NAME ""
| #define DOC_PATH "/usr/share/btnx-config/doc"
| #define DOC_FULL_PATH "/usr/share/btnx-config/doc/btnx-manual/C/"
| #define TAR_PATH "/bin/tar"
| #define STDC_HEADERS 1
| #define HAVE_SYS_WAIT_H 1
| #define HAVE_SYS_TYPES_H 1
| #define HAVE_SYS_STAT_H 1
| #define HAVE_STDLIB_H 1
| #define HAVE_STRING_H 1
| #define HAVE_MEMORY_H 1
| #define HAVE_STRINGS_H 1
| #define HAVE_INTTYPES_H 1
| #define HAVE_STDINT_H 1
| #define HAVE_UNISTD_H 1
| #define HAVE_FCNTL_H 1
| #define HAVE_LIBINTL_H 1
| #define HAVE_LOCALE_H 1
| #define HAVE_STDLIB_H 1
| #define HAVE_STRING_H 1
| #define HAVE_SYS_TIME_H 1
| #define HAVE_UNISTD_H 1
| #define TIME_WITH_SYS_TIME 1
| #define HAVE_FORK 1
| #define HAVE_VFORK 1
| #define HAVE_WORKING_VFORK 1
| #define HAVE_WORKING_FORK 1
| #define HAVE_STDLIB_H 1
| #define HAVE_MALLOC 1
| #define HAVE_STDLIB_H 1
| #define HAVE_REALLOC 1
| #define HAVE_SYS_SELECT_H 1
| #define HAVE_SYS_SOCKET_H 1
| #define SELECT_TYPE_ARG1 int
| #define SELECT_TYPE_ARG234 (fd_set *)
| #define SELECT_TYPE_ARG5 (struct timeval *)
| /* end confdefs.h.  */
| #include <sys/types.h>
| #include <signal.h>
| 
| int
| main ()
| {
| return *(signal (0, 0)) (0) == 1;
|   ;
|   return 0;
| }
configure:6663: result: void
configure:6683: checking for memset
configure:6739: gcc -o conftest -g -O2   conftest.c  >&5
conftest.c:77:6: warning: conflicting types for built-in function 'memset' [enabled by default]
configure:6745: $? = 0
configure:6763: result: yes
configure:6683: checking for select
configure:6739: gcc -o conftest -g -O2   conftest.c  >&5
configure:6745: $? = 0
configure:6763: result: yes
configure:6683: checking for setlocale
configure:6739: gcc -o conftest -g -O2   conftest.c  >&5
configure:6745: $? = 0
configure:6763: result: yes
configure:6683: checking for strcasecmp
configure:6739: gcc -o conftest -g -O2   conftest.c  >&5
conftest.c:80:6: warning: conflicting types for built-in function 'strcasecmp' [enabled by default]
configure:6745: $? = 0
configure:6763: result: yes
configure:6683: checking for strchr
configure:6739: gcc -o conftest -g -O2   conftest.c  >&5
conftest.c:81:6: warning: conflicting types for built-in function 'strchr' [enabled by default]
configure:6745: $? = 0
configure:6763: result: yes
configure:6683: checking for strdup
configure:6739: gcc -o conftest -g -O2   conftest.c  >&5
conftest.c:82:6: warning: conflicting types for built-in function 'strdup' [enabled by default]
configure:6745: $? = 0
configure:6763: result: yes
configure:6683: checking for strerror
configure:6739: gcc -o conftest -g -O2   conftest.c  >&5
configure:6745: $? = 0
configure:6763: result: yes
configure:6683: checking for strncasecmp
configure:6739: gcc -o conftest -g -O2   conftest.c  >&5
conftest.c:84:6: warning: conflicting types for built-in function 'strncasecmp' [enabled by default]
configure:6745: $? = 0
configure:6763: result: yes
configure:6683: checking for strtol
configure:6739: gcc -o conftest -g -O2   conftest.c  >&5
configure:6745: $? = 0
configure:6763: result: yes
configure:6776: checking whether NLS is requested
configure:6785: result: yes
configure:6823: checking for msgfmt
configure: trying /usr/bin/msgfmt...
0 translated messages.
configure:6855: result: /usr/bin/msgfmt
configure:6864: checking for gmsgfmt
configure:6895: result: /usr/bin/msgfmt
configure:6946: checking for xgettext
configure: trying /usr/bin/xgettext...
/usr/bin/xgettext: warning: file `/dev/null' extension `' is unknown; will try C
configure:6978: result: /usr/bin/xgettext
configure:7024: checking for msgmerge
configure: trying /usr/bin/msgmerge...
configure:7055: result: /usr/bin/msgmerge
configure:7075: checking build system type
configure:7093: result: x86_64-unknown-linux-gnu
configure:7115: checking host system type
configure:7130: result: x86_64-unknown-linux-gnu
configure:7153: checking whether we are using the GNU C Library 2 or newer
configure:7184: result: yes
configure:7233: checking for ranlib
configure:7249: found /usr/bin/ranlib
configure:7260: result: ranlib
configure:7291: checking for simple visibility declarations
configure:7323: gcc -c -g -O2 -fvisibility=hidden  conftest.c >&5
configure:7329: $? = 0
configure:7346: result: yes
configure:7361: checking for inline
configure:7387: gcc -c -g -O2  conftest.c >&5
configure:7393: $? = 0
configure:7411: result: inline
configure:7430: checking for size_t
configure:7460: gcc -c -g -O2  conftest.c >&5
configure:7466: $? = 0
configure:7481: result: yes
configure:7494: checking for stdint.h
configure:7521: gcc -c -g -O2  conftest.c >&5
configure:7527: $? = 0
configure:7542: result: yes
configure:7554: checking for working alloca.h
configure:7581: gcc -o conftest -g -O2   conftest.c  >&5
configure:7587: $? = 0
configure:7604: result: yes
configure:7614: checking for alloca
configure:7661: gcc -o conftest -g -O2   conftest.c  >&5
configure:7667: $? = 0
configure:7684: result: yes
configure:7917: checking for stdlib.h
configure:7923: result: yes
configure:7917: checking for unistd.h
configure:7923: result: yes
configure:8061: checking for getpagesize
configure:8117: gcc -o conftest -g -O2   conftest.c  >&5
configure:8123: $? = 0
configure:8141: result: yes
configure:8151: checking for working mmap
configure:8298: gcc -o conftest -g -O2   conftest.c  >&5
configure:8301: $? = 0
configure:8307: ./conftest
configure:8310: $? = 0
configure:8326: result: yes
configure:8339: checking whether integer division by zero raises SIGFPE
configure:8406: gcc -o conftest -g -O2   conftest.c  >&5
conftest.c:89:5: warning: built-in function 'nan' declared as non-function [enabled by default]
configure:8409: $? = 0
configure:8415: ./conftest
configure:8418: $? = 0
configure:8435: result: yes
configure:8448: checking for inttypes.h
configure:8475: gcc -c -g -O2  conftest.c >&5
configure:8481: $? = 0
configure:8496: result: yes
configure:8507: checking for unsigned long long int
configure:8538: gcc -o conftest -g -O2   conftest.c  >&5
configure:8544: $? = 0
configure:8561: result: yes
configure:8609: checking for inttypes.h
configure:8615: result: yes
configure:8750: checking whether the inttypes.h PRIxNN macros are broken
configure:8781: gcc -c -g -O2  conftest.c >&5
configure:8787: $? = 0
configure:8803: result: no
configure:8897: checking for ld used by GCC
configure:8961: result: /usr/bin/ld
configure:8970: checking if the linker (/usr/bin/ld) is GNU ld
configure:8983: result: yes
configure:8990: checking for shared library run path origin
configure:9003: result: done
configure:9047: checking whether imported symbols can be declared weak
configure:9072: gcc -o conftest -g -O2   conftest.c  >&5
configure:9078: $? = 0
configure:9094: result: yes
configure:9109: checking pthread.h usability
configure:9126: gcc -c -g -O2  conftest.c >&5
configure:9132: $? = 0
configure:9146: result: yes
configure:9150: checking pthread.h presence
configure:9165: gcc -E  conftest.c
configure:9171: $? = 0
configure:9185: result: yes
configure:9218: checking for pthread.h
configure:9225: result: yes
configure:9266: gcc -o conftest -g -O2   conftest.c  >&5
/tmp/ccSKXynS.o: In function `main':
/home/rmcguire/Downloads/c/btnx-config-0.4.9/conftest.c:82: undefined reference to `pthread_mutexattr_init'
collect2: error: ld returned 1 exit status
configure:9272: $? = 1
configure: failed program was:
| /* confdefs.h.  */
| #define PACKAGE_NAME "btnx-config"
| #define PACKAGE_TARNAME "btnx-config"
| #define PACKAGE_VERSION "0.4.9"
| #define PACKAGE_STRING "btnx-config 0.4.9"
| #define PACKAGE_BUGREPORT "oasalonen@gmail.com"
| #define PACKAGE "btnx-config"
| #define VERSION "0.4.9"
| #define _GNU_SOURCE 1
| #define PREFIX "/usr"
| #define INIT_SCRIPTS_PATH "/etc/init.d"
| #define UDEV_RULES_PATH "/etc/udev/rules.d"
| #define HAVE_SCROLLKEEPER 0
| #define HAVE_HELP 0
| #define HELP_VIEWER_FULL_PATH ""
| #define DOC_NAME ""
| #define DOC_PATH "/usr/share/btnx-config/doc"
| #define DOC_FULL_PATH "/usr/share/btnx-config/doc/btnx-manual/C/"
| #define TAR_PATH "/bin/tar"
| #define STDC_HEADERS 1
| #define HAVE_SYS_WAIT_H 1
| #define HAVE_SYS_TYPES_H 1
| #define HAVE_SYS_STAT_H 1
| #define HAVE_STDLIB_H 1
| #define HAVE_STRING_H 1
| #define HAVE_MEMORY_H 1
| #define HAVE_STRINGS_H 1
| #define HAVE_INTTYPES_H 1
| #define HAVE_STDINT_H 1
| #define HAVE_UNISTD_H 1
| #define HAVE_FCNTL_H 1
| #define HAVE_LIBINTL_H 1
| #define HAVE_LOCALE_H 1
| #define HAVE_STDLIB_H 1
| #define HAVE_STRING_H 1
| #define HAVE_SYS_TIME_H 1
| #define HAVE_UNISTD_H 1
| #define TIME_WITH_SYS_TIME 1
| #define HAVE_FORK 1
| #define HAVE_VFORK 1
| #define HAVE_WORKING_VFORK 1
| #define HAVE_WORKING_FORK 1
| #define HAVE_STDLIB_H 1
| #define HAVE_MALLOC 1
| #define HAVE_STDLIB_H 1
| #define HAVE_REALLOC 1
| #define HAVE_SYS_SELECT_H 1
| #define HAVE_SYS_SOCKET_H 1
| #define SELECT_TYPE_ARG1 int
| #define SELECT_TYPE_ARG234 (fd_set *)
| #define SELECT_TYPE_ARG5 (struct timeval *)
| #define RETSIGTYPE void
| #define HAVE_MEMSET 1
| #define HAVE_SELECT 1
| #define HAVE_SETLOCALE 1
| #define HAVE_STRCASECMP 1
| #define HAVE_STRCHR 1
| #define HAVE_STRDUP 1
| #define HAVE_STRERROR 1
| #define HAVE_STRNCASECMP 1
| #define HAVE_STRTOL 1
| #define HAVE_VISIBILITY 1
| #define HAVE_STDINT_H_WITH_UINTMAX 1
| #define HAVE_ALLOCA_H 1
| #define HAVE_ALLOCA 1
| #define HAVE_STDLIB_H 1
| #define HAVE_UNISTD_H 1
| #define HAVE_GETPAGESIZE 1
| #define HAVE_MMAP 1
| #define INTDIV0_RAISES_SIGFPE 1
| #define HAVE_INTTYPES_H_WITH_UINTMAX 1
| #define HAVE_UNSIGNED_LONG_LONG_INT 1
| #define HAVE_UNSIGNED_LONG_LONG 1
| #define HAVE_UINTMAX_T 1
| #define HAVE_INTTYPES_H 1
| /* end confdefs.h.  */
| #include <pthread.h>
| int
| main ()
| {
| pthread_mutex_lock((pthread_mutex_t*)0);
|            pthread_mutexattr_init((pthread_mutexattr_t*)0);
|   ;
|   return 0;
| }
configure:9373: checking for pthread_kill in -lpthread
configure:9408: gcc -o conftest -g -O2   conftest.c -lpthread   >&5
configure:9414: $? = 0
configure:9432: result: yes
configure:9531: checking for pthread_rwlock_t
configure:9562: gcc -c -g -O2  conftest.c >&5
configure:9568: $? = 0
configure:9583: result: yes
configure:9620: gcc -c -g -O2  conftest.c >&5
configure:9626: $? = 0
configure:10255: checking for multithread API to use
configure:10257: result: posix
configure:10693: gcc -o conftest -g -O2   conftest.c  >&5
configure:10699: $? = 0
configure:10739: checking argz.h usability
configure:10756: gcc -c -g -O2  conftest.c >&5
configure:10762: $? = 0
configure:10776: result: yes
configure:10780: checking argz.h presence
configure:10795: gcc -E  conftest.c
configure:10801: $? = 0
configure:10815: result: yes
configure:10848: checking for argz.h
configure:10856: result: yes
configure:10729: checking for inttypes.h
configure:10735: result: yes
configure:10739: checking limits.h usability
configure:10756: gcc -c -g -O2  conftest.c >&5
configure:10762: $? = 0
configure:10776: result: yes
configure:10780: checking limits.h presence
configure:10795: gcc -E  conftest.c
configure:10801: $? = 0
configure:10815: result: yes
configure:10848: checking for limits.h
configure:10856: result: yes
configure:10729: checking for unistd.h
configure:10735: result: yes
configure:10739: checking sys/param.h usability
configure:10756: gcc -c -g -O2  conftest.c >&5
configure:10762: $? = 0
configure:10776: result: yes
configure:10780: checking sys/param.h presence
configure:10795: gcc -E  conftest.c
configure:10801: $? = 0
configure:10815: result: yes
configure:10848: checking for sys/param.h
configure:10856: result: yes
configure:10890: checking for getcwd
configure:10946: gcc -o conftest -g -O2   conftest.c  >&5
configure:10952: $? = 0
configure:10970: result: yes
configure:10890: checking for getegid
configure:10946: gcc -o conftest -g -O2   conftest.c  >&5
configure:10952: $? = 0
configure:10970: result: yes
configure:10890: checking for geteuid
configure:10946: gcc -o conftest -g -O2   conftest.c  >&5
configure:10952: $? = 0
configure:10970: result: yes
configure:10890: checking for getgid
configure:10946: gcc -o conftest -g -O2   conftest.c  >&5
configure:10952: $? = 0
configure:10970: result: yes
configure:10890: checking for getuid
configure:10946: gcc -o conftest -g -O2   conftest.c  >&5
configure:10952: $? = 0
configure:10970: result: yes
configure:10890: checking for mempcpy
configure:10946: gcc -o conftest -g -O2   conftest.c  >&5
conftest.c:115:6: warning: conflicting types for built-in function 'mempcpy' [enabled by default]
configure:10952: $? = 0
configure:10970: result: yes
configure:10890: checking for munmap
configure:10946: gcc -o conftest -g -O2   conftest.c  >&5
configure:10952: $? = 0
configure:10970: result: yes
configure:10890: checking for stpcpy
configure:10946: gcc -o conftest -g -O2   conftest.c  >&5
conftest.c:117:6: warning: conflicting types for built-in function 'stpcpy' [enabled by default]
configure:10952: $? = 0
configure:10970: result: yes
configure:10890: checking for strcasecmp
configure:10970: result: yes
configure:10890: checking for strdup
configure:10970: result: yes
configure:10890: checking for strtoul
configure:10946: gcc -o conftest -g -O2   conftest.c  >&5
configure:10952: $? = 0
configure:10970: result: yes
configure:10890: checking for tsearch
configure:10946: gcc -o conftest -g -O2   conftest.c  >&5
configure:10952: $? = 0
configure:10970: result: yes
configure:10890: checking for argz_count
configure:10946: gcc -o conftest -g -O2   conftest.c  >&5
configure:10952: $? = 0
configure:10970: result: yes
configure:10890: checking for argz_stringify
configure:10946: gcc -o conftest -g -O2   conftest.c  >&5
configure:10952: $? = 0
configure:10970: result: yes
configure:10890: checking for argz_next
configure:10946: gcc -o conftest -g -O2   conftest.c  >&5
configure:10952: $? = 0
configure:10970: result: yes
configure:10890: checking for __fsetlocking
configure:10946: gcc -o conftest -g -O2   conftest.c  >&5
configure:10952: $? = 0
configure:10970: result: yes
configure:10982: checking whether feof_unlocked is declared
configure:11012: gcc -c -g -O2  conftest.c >&5
configure:11018: $? = 0
configure:11033: result: yes
configure:11047: checking whether fgets_unlocked is declared
configure:11077: gcc -c -g -O2  conftest.c >&5
configure:11083: $? = 0
configure:11098: result: yes
configure:11142: checking for iconv
configure:11174: gcc -o conftest -g -O2   conftest.c  >&5
configure:11180: $? = 0
configure:11250: result: yes
configure:11273: checking for iconv declaration
configure:11312: gcc -c -g -O2  conftest.c >&5
configure:11318: $? = 0
configure:11337: result: 
         extern size_t iconv (iconv_t cd, char * *inbuf, size_t *inbytesleft, char * *outbuf, size_t *outbytesleft);
configure:11348: checking for NL_LOCALE_NAME macro
configure:11375: gcc -o conftest -g -O2   conftest.c  >&5
configure:11381: $? = 0
configure:11399: result: yes
configure:11413: checking for bison
configure:11443: result: no
configure:11471: checking for long long int
configure:11504: gcc -o conftest -g -O2   conftest.c  >&5
configure:11510: $? = 0
configure:11527: result: yes
configure:11538: checking for long double
configure:11594: result: yes
configure:11605: checking for wchar_t
configure:11632: gcc -c -g -O2  conftest.c >&5
configure:11638: $? = 0
configure:11653: result: yes
configure:11664: checking for wint_t
configure:11691: gcc -c -g -O2  conftest.c >&5
configure:11697: $? = 0
configure:11712: result: yes
configure:11725: checking for intmax_t
configure:11761: gcc -c -g -O2  conftest.c >&5
configure:11767: $? = 0
configure:11782: result: yes
configure:11794: checking whether printf() supports POSIX/XSI format strings
configure:11849: gcc -o conftest -g -O2   conftest.c  >&5
configure:11852: $? = 0
configure:11858: ./conftest
configure:11861: $? = 0
configure:11878: result: yes
configure:11891: checking whether we are using the GNU C Library 2.1 or newer
configure:11922: result: yes
configure:11934: checking for stdint.h
configure:11940: result: yes
configure:12074: checking for SIZE_MAX
configure:12789: result: yes
configure:12807: checking for stdint.h
configure:12813: result: yes
configure:12949: checking for CFPreferencesCopyAppValue
configure:12977: gcc -o conftest -g -O2   conftest.c  -Wl,-framework -Wl,CoreFoundation >&5
conftest.c:116:42: fatal error: CoreFoundation/CFPreferences.h: No such file or directory
compilation terminated.
configure:12983: $? = 1
configure: failed program was:
| /* confdefs.h.  */
| #define PACKAGE_NAME "btnx-config"
| #define PACKAGE_TARNAME "btnx-config"
| #define PACKAGE_VERSION "0.4.9"
| #define PACKAGE_STRING "btnx-config 0.4.9"
| #define PACKAGE_BUGREPORT "oasalonen@gmail.com"
| #define PACKAGE "btnx-config"
| #define VERSION "0.4.9"
| #define _GNU_SOURCE 1
| #define PREFIX "/usr"
| #define INIT_SCRIPTS_PATH "/etc/init.d"
| #define UDEV_RULES_PATH "/etc/udev/rules.d"
| #define HAVE_SCROLLKEEPER 0
| #define HAVE_HELP 0
| #define HELP_VIEWER_FULL_PATH ""
| #define DOC_NAME ""
| #define DOC_PATH "/usr/share/btnx-config/doc"
| #define DOC_FULL_PATH "/usr/share/btnx-config/doc/btnx-manual/C/"
| #define TAR_PATH "/bin/tar"
| #define STDC_HEADERS 1
| #define HAVE_SYS_WAIT_H 1
| #define HAVE_SYS_TYPES_H 1
| #define HAVE_SYS_STAT_H 1
| #define HAVE_STDLIB_H 1
| #define HAVE_STRING_H 1
| #define HAVE_MEMORY_H 1
| #define HAVE_STRINGS_H 1
| #define HAVE_INTTYPES_H 1
| #define HAVE_STDINT_H 1
| #define HAVE_UNISTD_H 1
| #define HAVE_FCNTL_H 1
| #define HAVE_LIBINTL_H 1
| #define HAVE_LOCALE_H 1
| #define HAVE_STDLIB_H 1
| #define HAVE_STRING_H 1
| #define HAVE_SYS_TIME_H 1
| #define HAVE_UNISTD_H 1
| #define TIME_WITH_SYS_TIME 1
| #define HAVE_FORK 1
| #define HAVE_VFORK 1
| #define HAVE_WORKING_VFORK 1
| #define HAVE_WORKING_FORK 1
| #define HAVE_STDLIB_H 1
| #define HAVE_MALLOC 1
| #define HAVE_STDLIB_H 1
| #define HAVE_REALLOC 1
| #define HAVE_SYS_SELECT_H 1
| #define HAVE_SYS_SOCKET_H 1
| #define SELECT_TYPE_ARG1 int
| #define SELECT_TYPE_ARG234 (fd_set *)
| #define SELECT_TYPE_ARG5 (struct timeval *)
| #define RETSIGTYPE void
| #define HAVE_MEMSET 1
| #define HAVE_SELECT 1
| #define HAVE_SETLOCALE 1
| #define HAVE_STRCASECMP 1
| #define HAVE_STRCHR 1
| #define HAVE_STRDUP 1
| #define HAVE_STRERROR 1
| #define HAVE_STRNCASECMP 1
| #define HAVE_STRTOL 1
| #define HAVE_VISIBILITY 1
| #define HAVE_STDINT_H_WITH_UINTMAX 1
| #define HAVE_ALLOCA_H 1
| #define HAVE_ALLOCA 1
| #define HAVE_STDLIB_H 1
| #define HAVE_UNISTD_H 1
| #define HAVE_GETPAGESIZE 1
| #define HAVE_MMAP 1
| #define INTDIV0_RAISES_SIGFPE 1
| #define HAVE_INTTYPES_H_WITH_UINTMAX 1
| #define HAVE_UNSIGNED_LONG_LONG_INT 1
| #define HAVE_UNSIGNED_LONG_LONG 1
| #define HAVE_UINTMAX_T 1
| #define HAVE_INTTYPES_H 1
| #define USE_POSIX_THREADS 1
| #define USE_POSIX_THREADS_WEAK 1
| #define HAVE_PTHREAD_RWLOCK 1
| #define HAVE_PTHREAD_MUTEX_RECURSIVE 1
| #define HAVE_BUILTIN_EXPECT 1
| #define HAVE_ARGZ_H 1
| #define HAVE_INTTYPES_H 1
| #define HAVE_LIMITS_H 1
| #define HAVE_UNISTD_H 1
| #define HAVE_SYS_PARAM_H 1
| #define HAVE_GETCWD 1
| #define HAVE_GETEGID 1
| #define HAVE_GETEUID 1
| #define HAVE_GETGID 1
| #define HAVE_GETUID 1
| #define HAVE_MEMPCPY 1
| #define HAVE_MUNMAP 1
| #define HAVE_STPCPY 1
| #define HAVE_STRCASECMP 1
| #define HAVE_STRDUP 1
| #define HAVE_STRTOUL 1
| #define HAVE_TSEARCH 1
| #define HAVE_ARGZ_COUNT 1
| #define HAVE_ARGZ_STRINGIFY 1
| #define HAVE_ARGZ_NEXT 1
| #define HAVE___FSETLOCKING 1
| #define HAVE_DECL_FEOF_UNLOCKED 1
| #define HAVE_DECL_FGETS_UNLOCKED 1
| #define HAVE_ICONV 1
| #define ICONV_CONST 
| #define HAVE_NL_LOCALE_NAME 1
| #define HAVE_LONG_LONG_INT 1
| #define HAVE_LONG_DOUBLE 1
| #define HAVE_WCHAR_T 1
| #define HAVE_WINT_T 1
| #define HAVE_INTMAX_T 1
| #define HAVE_POSIX_PRINTF 1
| #define HAVE_STDINT_H 1
| #define HAVE_STDINT_H 1
| /* end confdefs.h.  */
| #include <CoreFoundation/CFPreferences.h>
| int
| main ()
| {
| CFPreferencesCopyAppValue(NULL, NULL)
|   ;
|   return 0;
| }
configure:13001: result: no
configure:13010: checking for CFLocaleCopyCurrent
configure:13038: gcc -o conftest -g -O2   conftest.c  -Wl,-framework -Wl,CoreFoundation >&5
conftest.c:116:37: fatal error: CoreFoundation/CFLocale.h: No such file or directory
compilation terminated.
configure:13044: $? = 1
configure: failed program was:
| /* confdefs.h.  */
| #define PACKAGE_NAME "btnx-config"
| #define PACKAGE_TARNAME "btnx-config"
| #define PACKAGE_VERSION "0.4.9"
| #define PACKAGE_STRING "btnx-config 0.4.9"
| #define PACKAGE_BUGREPORT "oasalonen@gmail.com"
| #define PACKAGE "btnx-config"
| #define VERSION "0.4.9"
| #define _GNU_SOURCE 1
| #define PREFIX "/usr"
| #define INIT_SCRIPTS_PATH "/etc/init.d"
| #define UDEV_RULES_PATH "/etc/udev/rules.d"
| #define HAVE_SCROLLKEEPER 0
| #define HAVE_HELP 0
| #define HELP_VIEWER_FULL_PATH ""
| #define DOC_NAME ""
| #define DOC_PATH "/usr/share/btnx-config/doc"
| #define DOC_FULL_PATH "/usr/share/btnx-config/doc/btnx-manual/C/"
| #define TAR_PATH "/bin/tar"
| #define STDC_HEADERS 1
| #define HAVE_SYS_WAIT_H 1
| #define HAVE_SYS_TYPES_H 1
| #define HAVE_SYS_STAT_H 1
| #define HAVE_STDLIB_H 1
| #define HAVE_STRING_H 1
| #define HAVE_MEMORY_H 1
| #define HAVE_STRINGS_H 1
| #define HAVE_INTTYPES_H 1
| #define HAVE_STDINT_H 1
| #define HAVE_UNISTD_H 1
| #define HAVE_FCNTL_H 1
| #define HAVE_LIBINTL_H 1
| #define HAVE_LOCALE_H 1
| #define HAVE_STDLIB_H 1
| #define HAVE_STRING_H 1
| #define HAVE_SYS_TIME_H 1
| #define HAVE_UNISTD_H 1
| #define TIME_WITH_SYS_TIME 1
| #define HAVE_FORK 1
| #define HAVE_VFORK 1
| #define HAVE_WORKING_VFORK 1
| #define HAVE_WORKING_FORK 1
| #define HAVE_STDLIB_H 1
| #define HAVE_MALLOC 1
| #define HAVE_STDLIB_H 1
| #define HAVE_REALLOC 1
| #define HAVE_SYS_SELECT_H 1
| #define HAVE_SYS_SOCKET_H 1
| #define SELECT_TYPE_ARG1 int
| #define SELECT_TYPE_ARG234 (fd_set *)
| #define SELECT_TYPE_ARG5 (struct timeval *)
| #define RETSIGTYPE void
| #define HAVE_MEMSET 1
| #define HAVE_SELECT 1
| #define HAVE_SETLOCALE 1
| #define HAVE_STRCASECMP 1
| #define HAVE_STRCHR 1
| #define HAVE_STRDUP 1
| #define HAVE_STRERROR 1
| #define HAVE_STRNCASECMP 1
| #define HAVE_STRTOL 1
| #define HAVE_VISIBILITY 1
| #define HAVE_STDINT_H_WITH_UINTMAX 1
| #define HAVE_ALLOCA_H 1
| #define HAVE_ALLOCA 1
| #define HAVE_STDLIB_H 1
| #define HAVE_UNISTD_H 1
| #define HAVE_GETPAGESIZE 1
| #define HAVE_MMAP 1
| #define INTDIV0_RAISES_SIGFPE 1
| #define HAVE_INTTYPES_H_WITH_UINTMAX 1
| #define HAVE_UNSIGNED_LONG_LONG_INT 1
| #define HAVE_UNSIGNED_LONG_LONG 1
| #define HAVE_UINTMAX_T 1
| #define HAVE_INTTYPES_H 1
| #define USE_POSIX_THREADS 1
| #define USE_POSIX_THREADS_WEAK 1
| #define HAVE_PTHREAD_RWLOCK 1
| #define HAVE_PTHREAD_MUTEX_RECURSIVE 1
| #define HAVE_BUILTIN_EXPECT 1
| #define HAVE_ARGZ_H 1
| #define HAVE_INTTYPES_H 1
| #define HAVE_LIMITS_H 1
| #define HAVE_UNISTD_H 1
| #define HAVE_SYS_PARAM_H 1
| #define HAVE_GETCWD 1
| #define HAVE_GETEGID 1
| #define HAVE_GETEUID 1
| #define HAVE_GETGID 1
| #define HAVE_GETUID 1
| #define HAVE_MEMPCPY 1
| #define HAVE_MUNMAP 1
| #define HAVE_STPCPY 1
| #define HAVE_STRCASECMP 1
| #define HAVE_STRDUP 1
| #define HAVE_STRTOUL 1
| #define HAVE_TSEARCH 1
| #define HAVE_ARGZ_COUNT 1
| #define HAVE_ARGZ_STRINGIFY 1
| #define HAVE_ARGZ_NEXT 1
| #define HAVE___FSETLOCKING 1
| #define HAVE_DECL_FEOF_UNLOCKED 1
| #define HAVE_DECL_FGETS_UNLOCKED 1
| #define HAVE_ICONV 1
| #define ICONV_CONST 
| #define HAVE_NL_LOCALE_NAME 1
| #define HAVE_LONG_LONG_INT 1
| #define HAVE_LONG_DOUBLE 1
| #define HAVE_WCHAR_T 1
| #define HAVE_WINT_T 1
| #define HAVE_INTMAX_T 1
| #define HAVE_POSIX_PRINTF 1
| #define HAVE_STDINT_H 1
| #define HAVE_STDINT_H 1
| /* end confdefs.h.  */
| #include <CoreFoundation/CFLocale.h>
| int
| main ()
| {
| CFLocaleCopyCurrent();
|   ;
|   return 0;
| }
configure:13062: result: no
configure:13082: checking for ptrdiff_t
configure:13112: gcc -c -g -O2  conftest.c >&5
configure:13118: $? = 0
configure:13133: result: yes
configure:13163: checking stddef.h usability
configure:13180: gcc -c -g -O2  conftest.c >&5
configure:13186: $? = 0
configure:13200: result: yes
configure:13204: checking stddef.h presence
configure:13219: gcc -E  conftest.c
configure:13225: $? = 0
configure:13239: result: yes
configure:13272: checking for stddef.h
configure:13280: result: yes
configure:13153: checking for stdlib.h
configure:13159: result: yes
configure:13153: checking for string.h
configure:13159: result: yes
configure:13303: checking for asprintf
configure:13359: gcc -o conftest -g -O2   conftest.c  >&5
configure:13365: $? = 0
configure:13383: result: yes
configure:13303: checking for fwprintf
configure:13359: gcc -o conftest -g -O2   conftest.c  >&5
configure:13365: $? = 0
configure:13383: result: yes
configure:13303: checking for putenv
configure:13359: gcc -o conftest -g -O2   conftest.c  >&5
configure:13365: $? = 0
configure:13383: result: yes
configure:13303: checking for setenv
configure:13359: gcc -o conftest -g -O2   conftest.c  >&5
configure:13365: $? = 0
configure:13383: result: yes
configure:13303: checking for setlocale
configure:13383: result: yes
configure:13303: checking for snprintf
configure:13359: gcc -o conftest -g -O2   conftest.c  >&5
conftest.c:147:6: warning: conflicting types for built-in function 'snprintf' [enabled by default]
configure:13365: $? = 0
configure:13383: result: yes
configure:13303: checking for wcslen
configure:13359: gcc -o conftest -g -O2   conftest.c  >&5
configure:13365: $? = 0
configure:13383: result: yes
configure:13395: checking whether _snprintf is declared
configure:13425: gcc -c -g -O2  conftest.c >&5
conftest.c: In function 'main':
conftest.c:132:22: error: '_snprintf' undeclared (first use in this function)
conftest.c:132:22: note: each undeclared identifier is reported only once for each function it appears in
configure:13431: $? = 1
configure: failed program was:
| /* confdefs.h.  */
| #define PACKAGE_NAME "btnx-config"
| #define PACKAGE_TARNAME "btnx-config"
| #define PACKAGE_VERSION "0.4.9"
| #define PACKAGE_STRING "btnx-config 0.4.9"
| #define PACKAGE_BUGREPORT "oasalonen@gmail.com"
| #define PACKAGE "btnx-config"
| #define VERSION "0.4.9"
| #define _GNU_SOURCE 1
| #define PREFIX "/usr"
| #define INIT_SCRIPTS_PATH "/etc/init.d"
| #define UDEV_RULES_PATH "/etc/udev/rules.d"
| #define HAVE_SCROLLKEEPER 0
| #define HAVE_HELP 0
| #define HELP_VIEWER_FULL_PATH ""
| #define DOC_NAME ""
| #define DOC_PATH "/usr/share/btnx-config/doc"
| #define DOC_FULL_PATH "/usr/share/btnx-config/doc/btnx-manual/C/"
| #define TAR_PATH "/bin/tar"
| #define STDC_HEADERS 1
| #define HAVE_SYS_WAIT_H 1
| #define HAVE_SYS_TYPES_H 1
| #define HAVE_SYS_STAT_H 1
| #define HAVE_STDLIB_H 1
| #define HAVE_STRING_H 1
| #define HAVE_MEMORY_H 1
| #define HAVE_STRINGS_H 1
| #define HAVE_INTTYPES_H 1
| #define HAVE_STDINT_H 1
| #define HAVE_UNISTD_H 1
| #define HAVE_FCNTL_H 1
| #define HAVE_LIBINTL_H 1
| #define HAVE_LOCALE_H 1
| #define HAVE_STDLIB_H 1
| #define HAVE_STRING_H 1
| #define HAVE_SYS_TIME_H 1
| #define HAVE_UNISTD_H 1
| #define TIME_WITH_SYS_TIME 1
| #define HAVE_FORK 1
| #define HAVE_VFORK 1
| #define HAVE_WORKING_VFORK 1
| #define HAVE_WORKING_FORK 1
| #define HAVE_STDLIB_H 1
| #define HAVE_MALLOC 1
| #define HAVE_STDLIB_H 1
| #define HAVE_REALLOC 1
| #define HAVE_SYS_SELECT_H 1
| #define HAVE_SYS_SOCKET_H 1
| #define SELECT_TYPE_ARG1 int
| #define SELECT_TYPE_ARG234 (fd_set *)
| #define SELECT_TYPE_ARG5 (struct timeval *)
| #define RETSIGTYPE void
| #define HAVE_MEMSET 1
| #define HAVE_SELECT 1
| #define HAVE_SETLOCALE 1
| #define HAVE_STRCASECMP 1
| #define HAVE_STRCHR 1
| #define HAVE_STRDUP 1
| #define HAVE_STRERROR 1
| #define HAVE_STRNCASECMP 1
| #define HAVE_STRTOL 1
| #define HAVE_VISIBILITY 1
| #define HAVE_STDINT_H_WITH_UINTMAX 1
| #define HAVE_ALLOCA_H 1
| #define HAVE_ALLOCA 1
| #define HAVE_STDLIB_H 1
| #define HAVE_UNISTD_H 1
| #define HAVE_GETPAGESIZE 1
| #define HAVE_MMAP 1
| #define INTDIV0_RAISES_SIGFPE 1
| #define HAVE_INTTYPES_H_WITH_UINTMAX 1
| #define HAVE_UNSIGNED_LONG_LONG_INT 1
| #define HAVE_UNSIGNED_LONG_LONG 1
| #define HAVE_UINTMAX_T 1
| #define HAVE_INTTYPES_H 1
| #define USE_POSIX_THREADS 1
| #define USE_POSIX_THREADS_WEAK 1
| #define HAVE_PTHREAD_RWLOCK 1
| #define HAVE_PTHREAD_MUTEX_RECURSIVE 1
| #define HAVE_BUILTIN_EXPECT 1
| #define HAVE_ARGZ_H 1
| #define HAVE_INTTYPES_H 1
| #define HAVE_LIMITS_H 1
| #define HAVE_UNISTD_H 1
| #define HAVE_SYS_PARAM_H 1
| #define HAVE_GETCWD 1
| #define HAVE_GETEGID 1
| #define HAVE_GETEUID 1
| #define HAVE_GETGID 1
| #define HAVE_GETUID 1
| #define HAVE_MEMPCPY 1
| #define HAVE_MUNMAP 1
| #define HAVE_STPCPY 1
| #define HAVE_STRCASECMP 1
| #define HAVE_STRDUP 1
| #define HAVE_STRTOUL 1
| #define HAVE_TSEARCH 1
| #define HAVE_ARGZ_COUNT 1
| #define HAVE_ARGZ_STRINGIFY 1
| #define HAVE_ARGZ_NEXT 1
| #define HAVE___FSETLOCKING 1
| #define HAVE_DECL_FEOF_UNLOCKED 1
| #define HAVE_DECL_FGETS_UNLOCKED 1
| #define HAVE_ICONV 1
| #define ICONV_CONST 
| #define HAVE_NL_LOCALE_NAME 1
| #define HAVE_LONG_LONG_INT 1
| #define HAVE_LONG_DOUBLE 1
| #define HAVE_WCHAR_T 1
| #define HAVE_WINT_T 1
| #define HAVE_INTMAX_T 1
| #define HAVE_POSIX_PRINTF 1
| #define HAVE_STDINT_H 1
| #define HAVE_STDINT_H 1
| #define HAVE_STDDEF_H 1
| #define HAVE_STDLIB_H 1
| #define HAVE_STRING_H 1
| #define HAVE_ASPRINTF 1
| #define HAVE_FWPRINTF 1
| #define HAVE_PUTENV 1
| #define HAVE_SETENV 1
| #define HAVE_SETLOCALE 1
| #define HAVE_SNPRINTF 1
| #define HAVE_WCSLEN 1
| /* end confdefs.h.  */
| #include <stdio.h>
| int
| main ()
| {
| 
| #ifndef _snprintf
|   char *p = (char *) _snprintf;
| #endif
| 
|   ;
|   return 0;
| }
configure:13446: result: no
configure:13460: checking whether _snwprintf is declared
configure:13490: gcc -c -g -O2  conftest.c >&5
conftest.c: In function 'main':
conftest.c:133:22: error: '_snwprintf' undeclared (first use in this function)
conftest.c:133:22: note: each undeclared identifier is reported only once for each function it appears in
configure:13496: $? = 1
configure: failed program was:
| /* confdefs.h.  */
| #define PACKAGE_NAME "btnx-config"
| #define PACKAGE_TARNAME "btnx-config"
| #define PACKAGE_VERSION "0.4.9"
| #define PACKAGE_STRING "btnx-config 0.4.9"
| #define PACKAGE_BUGREPORT "oasalonen@gmail.com"
| #define PACKAGE "btnx-config"
| #define VERSION "0.4.9"
| #define _GNU_SOURCE 1
| #define PREFIX "/usr"
| #define INIT_SCRIPTS_PATH "/etc/init.d"
| #define UDEV_RULES_PATH "/etc/udev/rules.d"
| #define HAVE_SCROLLKEEPER 0
| #define HAVE_HELP 0
| #define HELP_VIEWER_FULL_PATH ""
| #define DOC_NAME ""
| #define DOC_PATH "/usr/share/btnx-config/doc"
| #define DOC_FULL_PATH "/usr/share/btnx-config/doc/btnx-manual/C/"
| #define TAR_PATH "/bin/tar"
| #define STDC_HEADERS 1
| #define HAVE_SYS_WAIT_H 1
| #define HAVE_SYS_TYPES_H 1
| #define HAVE_SYS_STAT_H 1
| #define HAVE_STDLIB_H 1
| #define HAVE_STRING_H 1
| #define HAVE_MEMORY_H 1
| #define HAVE_STRINGS_H 1
| #define HAVE_INTTYPES_H 1
| #define HAVE_STDINT_H 1
| #define HAVE_UNISTD_H 1
| #define HAVE_FCNTL_H 1
| #define HAVE_LIBINTL_H 1
| #define HAVE_LOCALE_H 1
| #define HAVE_STDLIB_H 1
| #define HAVE_STRING_H 1
| #define HAVE_SYS_TIME_H 1
| #define HAVE_UNISTD_H 1
| #define TIME_WITH_SYS_TIME 1
| #define HAVE_FORK 1
| #define HAVE_VFORK 1
| #define HAVE_WORKING_VFORK 1
| #define HAVE_WORKING_FORK 1
| #define HAVE_STDLIB_H 1
| #define HAVE_MALLOC 1
| #define HAVE_STDLIB_H 1
| #define HAVE_REALLOC 1
| #define HAVE_SYS_SELECT_H 1
| #define HAVE_SYS_SOCKET_H 1
| #define SELECT_TYPE_ARG1 int
| #define SELECT_TYPE_ARG234 (fd_set *)
| #define SELECT_TYPE_ARG5 (struct timeval *)
| #define RETSIGTYPE void
| #define HAVE_MEMSET 1
| #define HAVE_SELECT 1
| #define HAVE_SETLOCALE 1
| #define HAVE_STRCASECMP 1
| #define HAVE_STRCHR 1
| #define HAVE_STRDUP 1
| #define HAVE_STRERROR 1
| #define HAVE_STRNCASECMP 1
| #define HAVE_STRTOL 1
| #define HAVE_VISIBILITY 1
| #define HAVE_STDINT_H_WITH_UINTMAX 1
| #define HAVE_ALLOCA_H 1
| #define HAVE_ALLOCA 1
| #define HAVE_STDLIB_H 1
| #define HAVE_UNISTD_H 1
| #define HAVE_GETPAGESIZE 1
| #define HAVE_MMAP 1
| #define INTDIV0_RAISES_SIGFPE 1
| #define HAVE_INTTYPES_H_WITH_UINTMAX 1
| #define HAVE_UNSIGNED_LONG_LONG_INT 1
| #define HAVE_UNSIGNED_LONG_LONG 1
| #define HAVE_UINTMAX_T 1
| #define HAVE_INTTYPES_H 1
| #define USE_POSIX_THREADS 1
| #define USE_POSIX_THREADS_WEAK 1
| #define HAVE_PTHREAD_RWLOCK 1
| #define HAVE_PTHREAD_MUTEX_RECURSIVE 1
| #define HAVE_BUILTIN_EXPECT 1
| #define HAVE_ARGZ_H 1
| #define HAVE_INTTYPES_H 1
| #define HAVE_LIMITS_H 1
| #define HAVE_UNISTD_H 1
| #define HAVE_SYS_PARAM_H 1
| #define HAVE_GETCWD 1
| #define HAVE_GETEGID 1
| #define HAVE_GETEUID 1
| #define HAVE_GETGID 1
| #define HAVE_GETUID 1
| #define HAVE_MEMPCPY 1
| #define HAVE_MUNMAP 1
| #define HAVE_STPCPY 1
| #define HAVE_STRCASECMP 1
| #define HAVE_STRDUP 1
| #define HAVE_STRTOUL 1
| #define HAVE_TSEARCH 1
| #define HAVE_ARGZ_COUNT 1
| #define HAVE_ARGZ_STRINGIFY 1
| #define HAVE_ARGZ_NEXT 1
| #define HAVE___FSETLOCKING 1
| #define HAVE_DECL_FEOF_UNLOCKED 1
| #define HAVE_DECL_FGETS_UNLOCKED 1
| #define HAVE_ICONV 1
| #define ICONV_CONST 
| #define HAVE_NL_LOCALE_NAME 1
| #define HAVE_LONG_LONG_INT 1
| #define HAVE_LONG_DOUBLE 1
| #define HAVE_WCHAR_T 1
| #define HAVE_WINT_T 1
| #define HAVE_INTMAX_T 1
| #define HAVE_POSIX_PRINTF 1
| #define HAVE_STDINT_H 1
| #define HAVE_STDINT_H 1
| #define HAVE_STDDEF_H 1
| #define HAVE_STDLIB_H 1
| #define HAVE_STRING_H 1
| #define HAVE_ASPRINTF 1
| #define HAVE_FWPRINTF 1
| #define HAVE_PUTENV 1
| #define HAVE_SETENV 1
| #define HAVE_SETLOCALE 1
| #define HAVE_SNPRINTF 1
| #define HAVE_WCSLEN 1
| #define HAVE_DECL__SNPRINTF 0
| /* end confdefs.h.  */
| #include <stdio.h>
| int
| main ()
| {
| 
| #ifndef _snwprintf
|   char *p = (char *) _snwprintf;
| #endif
| 
|   ;
|   return 0;
| }
configure:13511: result: no
configure:13526: checking whether getc_unlocked is declared
configure:13556: gcc -c -g -O2  conftest.c >&5
configure:13562: $? = 0
configure:13577: result: yes
configure:13616: checking for nl_langinfo and CODESET
configure:13642: gcc -o conftest -g -O2   conftest.c  >&5
configure:13648: $? = 0
configure:13666: result: yes
configure:13677: checking for LC_MESSAGES
configure:13703: gcc -o conftest -g -O2   conftest.c  >&5
configure:13709: $? = 0
configure:13726: result: yes
configure:13773: checking for CFPreferencesCopyAppValue
configure:13825: result: no
configure:13834: checking for CFLocaleCopyCurrent
configure:13886: result: no
configure:13923: checking whether included gettext is requested
configure:13933: result: no
configure:13956: checking for GNU gettext in libc
configure:13986: gcc -o conftest -g -O2   conftest.c  >&5
configure:13992: $? = 0
configure:14010: result: yes
configure:14585: checking whether to use NLS
configure:14587: result: yes
configure:14590: checking where the gettext function comes from
configure:14601: result: libc
configure:14697: WARNING: Scrollkeeper not found. No documentation will be installed.
configure:14837: creating ./config.status

## ---------------- ##
## Cache variables. ##
## ---------------- ##

ac_cv_build=x86_64-unknown-linux-gnu
ac_cv_c_compiler_gnu=yes
ac_cv_c_const=yes
ac_cv_c_inline=inline
ac_cv_env_CC_set=
ac_cv_env_CC_value=
ac_cv_env_CFLAGS_set=
ac_cv_env_CFLAGS_value=
ac_cv_env_CPPFLAGS_set=
ac_cv_env_CPPFLAGS_value=
ac_cv_env_CPP_set=
ac_cv_env_CPP_value=
ac_cv_env_GLADE_CFLAGS_set=
ac_cv_env_GLADE_CFLAGS_value=
ac_cv_env_GLADE_LIBS_set=
ac_cv_env_GLADE_LIBS_value=
ac_cv_env_GLIB_CFLAGS_set=
ac_cv_env_GLIB_CFLAGS_value=
ac_cv_env_GLIB_LIBS_set=
ac_cv_env_GLIB_LIBS_value=
ac_cv_env_GTK_CFLAGS_set=
ac_cv_env_GTK_CFLAGS_value=
ac_cv_env_GTK_LIBS_set=
ac_cv_env_GTK_LIBS_value=
ac_cv_env_LDFLAGS_set=
ac_cv_env_LDFLAGS_value=
ac_cv_env_LIBS_set=
ac_cv_env_LIBS_value=
ac_cv_env_PKG_CONFIG_set=
ac_cv_env_PKG_CONFIG_value=
ac_cv_env_build_alias_set=
ac_cv_env_build_alias_value=
ac_cv_env_builddocs_set=
ac_cv_env_builddocs_value=
ac_cv_env_host_alias_set=
ac_cv_env_host_alias_value=
ac_cv_env_init_scripts_path_set=
ac_cv_env_init_scripts_path_value=
ac_cv_env_target_alias_set=
ac_cv_env_target_alias_value=
ac_cv_env_udev_rules_path_set=
ac_cv_env_udev_rules_path_value=
ac_cv_func___fsetlocking=yes
ac_cv_func_alloca_works=yes
ac_cv_func_argz_count=yes
ac_cv_func_argz_next=yes
ac_cv_func_argz_stringify=yes
ac_cv_func_asprintf=yes
ac_cv_func_fork=yes
ac_cv_func_fork_works=yes
ac_cv_func_fwprintf=yes
ac_cv_func_getcwd=yes
ac_cv_func_getegid=yes
ac_cv_func_geteuid=yes
ac_cv_func_getgid=yes
ac_cv_func_getpagesize=yes
ac_cv_func_getuid=yes
ac_cv_func_malloc_0_nonnull=yes
ac_cv_func_mempcpy=yes
ac_cv_func_memset=yes
ac_cv_func_mmap_fixed_mapped=yes
ac_cv_func_munmap=yes
ac_cv_func_putenv=yes
ac_cv_func_realloc_0_nonnull=yes
ac_cv_func_select=yes
ac_cv_func_select_args='int,fd_set *,struct timeval *'
ac_cv_func_setenv=yes
ac_cv_func_setlocale=yes
ac_cv_func_snprintf=yes
ac_cv_func_stpcpy=yes
ac_cv_func_strcasecmp=yes
ac_cv_func_strchr=yes
ac_cv_func_strdup=yes
ac_cv_func_strerror=yes
ac_cv_func_strncasecmp=yes
ac_cv_func_strtol=yes
ac_cv_func_strtoul=yes
ac_cv_func_tsearch=yes
ac_cv_func_vfork=yes
ac_cv_func_vfork_works=yes
ac_cv_func_wcslen=yes
ac_cv_gnu_library_2=yes
ac_cv_gnu_library_2_1=yes
ac_cv_have_decl__snprintf=no
ac_cv_have_decl__snwprintf=no
ac_cv_have_decl_feof_unlocked=yes
ac_cv_have_decl_fgets_unlocked=yes
ac_cv_have_decl_getc_unlocked=yes
ac_cv_header_argz_h=yes
ac_cv_header_fcntl_h=yes
ac_cv_header_inttypes_h=yes
ac_cv_header_libintl_h=yes
ac_cv_header_limits_h=yes
ac_cv_header_locale_h=yes
ac_cv_header_memory_h=yes
ac_cv_header_pthread_h=yes
ac_cv_header_stdc=yes
ac_cv_header_stddef_h=yes
ac_cv_header_stdint_h=yes
ac_cv_header_stdlib_h=yes
ac_cv_header_string_h=yes
ac_cv_header_strings_h=yes
ac_cv_header_sys_param_h=yes
ac_cv_header_sys_select_h=yes
ac_cv_header_sys_socket_h=yes
ac_cv_header_sys_stat_h=yes
ac_cv_header_sys_time_h=yes
ac_cv_header_sys_types_h=yes
ac_cv_header_sys_wait_h=yes
ac_cv_header_time=yes
ac_cv_header_unistd_h=yes
ac_cv_header_vfork_h=no
ac_cv_host=x86_64-unknown-linux-gnu
ac_cv_lib_pthread_pthread_kill=yes
ac_cv_objext=o
ac_cv_path_EGREP='/bin/grep -E'
ac_cv_path_GMSGFMT=/usr/bin/msgfmt
ac_cv_path_GREP=/bin/grep
ac_cv_path_MSGFMT=/usr/bin/msgfmt
ac_cv_path_MSGMERGE=/usr/bin/msgmerge
ac_cv_path_TAR_PATH=/bin/tar
ac_cv_path_XGETTEXT=/usr/bin/xgettext
ac_cv_path_ac_pt_PKG_CONFIG=/usr/bin/pkg-config
ac_cv_path_install='/usr/bin/install -c'
ac_cv_path_mkdir=/bin/mkdir
ac_cv_prog_AWK=gawk
ac_cv_prog_CPP='gcc -E'
ac_cv_prog_SK_CONFIG=no
ac_cv_prog_ac_ct_CC=gcc
ac_cv_prog_ac_ct_RANLIB=ranlib
ac_cv_prog_cc_c89=
ac_cv_prog_cc_g=yes
ac_cv_prog_gcc_traditional=no
ac_cv_prog_make_make_set=yes
ac_cv_prog_rootexec=gksu
ac_cv_type_long_long_int=yes
ac_cv_type_pid_t=yes
ac_cv_type_pthread_rwlock_t=yes
ac_cv_type_ptrdiff_t=yes
ac_cv_type_signal=void
ac_cv_type_size_t=yes
ac_cv_type_unsigned_long_long=yes
ac_cv_type_unsigned_long_long_int=yes
ac_cv_working_alloca_h=yes
acl_cv_hardcode_direct=no
acl_cv_hardcode_libdir_flag_spec='${wl}-rpath ${wl}$libdir'
acl_cv_hardcode_libdir_separator=
acl_cv_hardcode_minus_L=no
acl_cv_libext=a
acl_cv_path_LD=/usr/bin/ld
acl_cv_prog_gnu_ld=yes
acl_cv_rpath=done
acl_cv_shlibext=so
acl_cv_wl=-Wl,
am_cv_CC_dependencies_compiler_type=gcc3
am_cv_func_iconv=yes
am_cv_langinfo_codeset=yes
am_cv_lib_iconv=no
am_cv_proto_iconv='extern size_t iconv (iconv_t cd, char * *inbuf, size_t *inbytesleft, char * *outbuf, size_t *outbytesleft);'
am_cv_proto_iconv_arg1=
gl_cv_cc_visibility=yes
gl_cv_header_inttypes_h=yes
gl_cv_header_stdint_h=yes
gl_cv_size_max=yes
gt_cv_c_intmax_t=yes
gt_cv_c_long_double=yes
gt_cv_c_wchar_t=yes
gt_cv_c_wint_t=yes
gt_cv_func_CFLocaleCopyCurrent=no
gt_cv_func_CFPreferencesCopyAppValue=no
gt_cv_func_gnugettext1_libc=yes
gt_cv_func_printf_posix=yes
gt_cv_int_divbyzero_sigfpe=yes
gt_cv_inttypes_pri_broken=no
gt_cv_nl_locale_name=yes
gt_cv_val_LC_MESSAGES=yes
nls_cv_force_use_gnu_gettext=no
nls_cv_header_intl=
nls_cv_header_libgt=
nls_cv_use_gnu_gettext=no
pkg_cv_GLADE_CFLAGS='-pthread -I/usr/include/libglade-2.0 -I/usr/include/gtk-2.0 -I/usr/include/libxml2 -I/usr/lib/x86_64-linux-gnu/gtk-2.0/include -I/usr/include/atk-1.0 -I/usr/include/cairo -I/usr/include/gdk-pixbuf-2.0 -I/usr/include/pango-1.0 -I/usr/include/gio-unix-2.0/ -I/usr/include/glib-2.0 -I/usr/lib/x86_64-linux-gnu/glib-2.0/include -I/usr/include/pixman-1 -I/usr/include/freetype2 -I/usr/include/libpng12 -I/usr/include/harfbuzz  '
pkg_cv_GLADE_LIBS='-lglade-2.0 -lgtk-x11-2.0 -lxml2 -lgdk-x11-2.0 -latk-1.0 -lgio-2.0 -lpangoft2-1.0 -lpangocairo-1.0 -lgdk_pixbuf-2.0 -lcairo -lpango-1.0 -lfreetype -lfontconfig -lgobject-2.0 -lglib-2.0  '
pkg_cv_GLIB_CFLAGS='-I/usr/include/glib-2.0 -I/usr/lib/x86_64-linux-gnu/glib-2.0/include  '
pkg_cv_GLIB_LIBS='-lglib-2.0  '
pkg_cv_GTK_CFLAGS='-pthread -I/usr/include/gtk-2.0 -I/usr/lib/x86_64-linux-gnu/gtk-2.0/include -I/usr/include/atk-1.0 -I/usr/include/cairo -I/usr/include/gdk-pixbuf-2.0 -I/usr/include/pango-1.0 -I/usr/include/gio-unix-2.0/ -I/usr/include/glib-2.0 -I/usr/lib/x86_64-linux-gnu/glib-2.0/include -I/usr/include/pixman-1 -I/usr/include/freetype2 -I/usr/include/libpng12 -I/usr/include/harfbuzz  '
pkg_cv_GTK_LIBS='-lgtk-x11-2.0 -lgdk-x11-2.0 -latk-1.0 -lgio-2.0 -lpangoft2-1.0 -lpangocairo-1.0 -lgdk_pixbuf-2.0 -lcairo -lpango-1.0 -lfreetype -lfontconfig -lgobject-2.0 -lglib-2.0  '

## ----------------- ##
## Output variables. ##
## ----------------- ##

ACLOCAL='${SHELL} /home/rmcguire/Downloads/c/btnx-config-0.4.9/config/missing --run aclocal-1.10'
ALLOCA=''
AMDEPBACKSLASH='\'
AMDEP_FALSE='#'
AMDEP_TRUE=''
AMTAR='${SHELL} /home/rmcguire/Downloads/c/btnx-config-0.4.9/config/missing --run tar'
AUTOCONF='${SHELL} /home/rmcguire/Downloads/c/btnx-config-0.4.9/config/missing --run autoconf'
AUTOHEADER='${SHELL} /home/rmcguire/Downloads/c/btnx-config-0.4.9/config/missing --run autoheader'
AUTOMAKE='${SHELL} /home/rmcguire/Downloads/c/btnx-config-0.4.9/config/missing --run automake-1.10'
AWK='gawk'
BUILD_HELP='0'
BUILD_HELP_HTML='0'
BUILD_HELP_HTML_TEST_FALSE=''
BUILD_HELP_HTML_TEST_TRUE='#'
BUILD_HELP_TEST_FALSE=''
BUILD_HELP_TEST_TRUE='#'
BUILD_INCLUDED_LIBINTL='no'
CATOBJEXT='.gmo'
CC='gcc'
CCDEPMODE='depmode=gcc3'
CFLAGS='-g -O2'
CFLAG_VISIBILITY='-fvisibility=hidden'
CPP='gcc -E'
CPPFLAGS=''
CYGPATH_W='echo'
DATADIRNAME='share'
DEFS='-DHAVE_CONFIG_H'
DEPDIR='.deps'
ECHO_C=''
ECHO_N='-n'
ECHO_T=''
EGREP='/bin/grep -E'
EXEEXT=''
GENCAT='gencat'
GLADE_CFLAGS='-pthread -I/usr/include/libglade-2.0 -I/usr/include/gtk-2.0 -I/usr/include/libxml2 -I/usr/lib/x86_64-linux-gnu/gtk-2.0/include -I/usr/include/atk-1.0 -I/usr/include/cairo -I/usr/include/gdk-pixbuf-2.0 -I/usr/include/pango-1.0 -I/usr/include/gio-unix-2.0/ -I/usr/include/glib-2.0 -I/usr/lib/x86_64-linux-gnu/glib-2.0/include -I/usr/include/pixman-1 -I/usr/include/freetype2 -I/usr/include/libpng12 -I/usr/include/harfbuzz  '
GLADE_LIBS='-lglade-2.0 -lgtk-x11-2.0 -lxml2 -lgdk-x11-2.0 -latk-1.0 -lgio-2.0 -lpangoft2-1.0 -lpangocairo-1.0 -lgdk_pixbuf-2.0 -lcairo -lpango-1.0 -lfreetype -lfontconfig -lgobject-2.0 -lglib-2.0  '
GLIBC21='yes'
GLIBC2='yes'
GLIB_CFLAGS='-I/usr/include/glib-2.0 -I/usr/lib/x86_64-linux-gnu/glib-2.0/include  '
GLIB_LIBS='-lglib-2.0  '
GMSGFMT='/usr/bin/msgfmt'
GMSGFMT_015='/usr/bin/msgfmt'
GREP='/bin/grep'
GTK_CFLAGS='-pthread -I/usr/include/gtk-2.0 -I/usr/lib/x86_64-linux-gnu/gtk-2.0/include -I/usr/include/atk-1.0 -I/usr/include/cairo -I/usr/include/gdk-pixbuf-2.0 -I/usr/include/pango-1.0 -I/usr/include/gio-unix-2.0/ -I/usr/include/glib-2.0 -I/usr/lib/x86_64-linux-gnu/glib-2.0/include -I/usr/include/pixman-1 -I/usr/include/freetype2 -I/usr/include/libpng12 -I/usr/include/harfbuzz  '
GTK_LIBS='-lgtk-x11-2.0 -lgdk-x11-2.0 -latk-1.0 -lgio-2.0 -lpangoft2-1.0 -lpangocairo-1.0 -lgdk_pixbuf-2.0 -lcairo -lpango-1.0 -lfreetype -lfontconfig -lgobject-2.0 -lglib-2.0  '
HAVE_ASPRINTF='1'
HAVE_POSIX_PRINTF='1'
HAVE_SNPRINTF='1'
HAVE_VISIBILITY='1'
HAVE_WPRINTF='0'
HELP_VIEWER_FULL_PATH=''
INSTALL_DATA='${INSTALL} -m 644'
INSTALL_PROGRAM='${INSTALL}'
INSTALL_SCRIPT='${INSTALL}'
INSTALL_STRIP_PROGRAM='$(install_sh) -c -s'
INSTOBJEXT='.mo'
INTLBISON=':'
INTLLIBS=''
INTLOBJS=''
INTL_LIBTOOL_SUFFIX_PREFIX=''
INTL_MACOSX_LIBS=''
LDFLAGS=''
LIBICONV=''
LIBINTL=''
LIBMULTITHREAD='-lpthread'
LIBOBJS=''
LIBPTH=''
LIBS=''
LIBTHREAD=''
LTLIBICONV=''
LTLIBINTL=''
LTLIBMULTITHREAD='-lpthread'
LTLIBOBJS=''
LTLIBPTH=''
LTLIBTHREAD=''
MAKEINFO='${SHELL} /home/rmcguire/Downloads/c/btnx-config-0.4.9/config/missing --run makeinfo'
MSGFMT='/usr/bin/msgfmt'
MSGFMT_015='/usr/bin/msgfmt'
MSGMERGE='/usr/bin/msgmerge'
OBJEXT='o'
PACKAGE='btnx-config'
PACKAGE_BUGREPORT='oasalonen@gmail.com'
PACKAGE_NAME='btnx-config'
PACKAGE_STRING='btnx-config 0.4.9'
PACKAGE_TARNAME='btnx-config'
PACKAGE_VERSION='0.4.9'
PATH_SEPARATOR=':'
PKG_CONFIG='/usr/bin/pkg-config'
POSUB='po'
PREFIX='/usr'
PRI_MACROS_BROKEN='0'
RANLIB='ranlib'
SCROLLKEEPER_BUILD_REQUIRED=''
SET_MAKE=''
SHELL='/bin/bash'
SK_CONFIG='no'
STRIP=''
TAR_PATH='/bin/tar'
TEST_HELP_VIEWER=''
USE_INCLUDED_LIBINTL='no'
USE_NLS='yes'
VERSION='0.4.9'
WOE32DLL='no'
XGETTEXT='/usr/bin/xgettext'
XGETTEXT_015='/usr/bin/xgettext'
ac_ct_CC='gcc'
am__fastdepCC_FALSE='#'
am__fastdepCC_TRUE=''
am__include='include'
am__isrc=''
am__leading_dot='.'
am__quote=''
am__tar='${AMTAR} chof - "$$tardir"'
am__untar='${AMTAR} xf -'
bindir='${exec_prefix}/bin'
build='x86_64-unknown-linux-gnu'
build_alias=''
build_cpu='x86_64'
build_os='linux-gnu'
build_vendor='unknown'
builddocs='yes'
datadir='${datarootdir}'
datarootdir='${prefix}/share'
docdir='${datarootdir}/doc/${PACKAGE_TARNAME}'
docrootdir='/usr/share/btnx-config/doc'
dvidir='${docdir}'
exec_prefix='/usr'
helpname=''
host='x86_64-unknown-linux-gnu'
host_alias=''
host_cpu='x86_64'
host_os='linux-gnu'
host_vendor='unknown'
htmldir='${docdir}'
includedir='${prefix}/include'
infodir='${datarootdir}/info'
init_scripts_path='/etc/init.d'
install_sh='$(SHELL) /home/rmcguire/Downloads/c/btnx-config-0.4.9/config/install-sh'
libdir='${exec_prefix}/lib'
libexecdir='${exec_prefix}/libexec'
localedir='${datarootdir}/locale'
localstatedir='${prefix}/var'
mandir='${datarootdir}/man'
mkdir_p='/bin/mkdir -p'
oldincludedir='/usr/include'
pdfdir='${docdir}'
prefix='/usr'
program_transform_name='s,x,x,'
psdir='${docdir}'
rootexec='gksu'
sbindir='${exec_prefix}/sbin'
sharedstatedir='${prefix}/com'
sysconfdir='${prefix}/etc'
target_alias=''
udev_rules_path='/etc/udev/rules.d'

## ----------- ##
## confdefs.h. ##
## ----------- ##

#define PACKAGE_NAME "btnx-config"
#define PACKAGE_TARNAME "btnx-config"
#define PACKAGE_VERSION "0.4.9"
#define PACKAGE_STRING "btnx-config 0.4.9"
#define PACKAGE_BUGREPORT "oasalonen@gmail.com"
#define PACKAGE "btnx-config"
#define VERSION "0.4.9"
#define _GNU_SOURCE 1
#define PREFIX "/usr"
#define INIT_SCRIPTS_PATH "/etc/init.d"
#define UDEV_RULES_PATH "/etc/udev/rules.d"
#define HAVE_SCROLLKEEPER 0
#define HAVE_HELP 0
#define HELP_VIEWER_FULL_PATH ""
#define DOC_NAME ""
#define DOC_PATH "/usr/share/btnx-config/doc"
#define DOC_FULL_PATH "/usr/share/btnx-config/doc/btnx-manual/C/"
#define TAR_PATH "/bin/tar"
#define STDC_HEADERS 1
#define HAVE_SYS_WAIT_H 1
#define HAVE_SYS_TYPES_H 1
#define HAVE_SYS_STAT_H 1
#define HAVE_STDLIB_H 1
#define HAVE_STRING_H 1
#define HAVE_MEMORY_H 1
#define HAVE_STRINGS_H 1
#define HAVE_INTTYPES_H 1
#define HAVE_STDINT_H 1
#define HAVE_UNISTD_H 1
#define HAVE_FCNTL_H 1
#define HAVE_LIBINTL_H 1
#define HAVE_LOCALE_H 1
#define HAVE_STDLIB_H 1
#define HAVE_STRING_H 1
#define HAVE_SYS_TIME_H 1
#define HAVE_UNISTD_H 1
#define TIME_WITH_SYS_TIME 1
#define HAVE_FORK 1
#define HAVE_VFORK 1
#define HAVE_WORKING_VFORK 1
#define HAVE_WORKING_FORK 1
#define HAVE_STDLIB_H 1
#define HAVE_MALLOC 1
#define HAVE_STDLIB_H 1
#define HAVE_REALLOC 1
#define HAVE_SYS_SELECT_H 1
#define HAVE_SYS_SOCKET_H 1
#define SELECT_TYPE_ARG1 int
#define SELECT_TYPE_ARG234 (fd_set *)
#define SELECT_TYPE_ARG5 (struct timeval *)
#define RETSIGTYPE void
#define HAVE_MEMSET 1
#define HAVE_SELECT 1
#define HAVE_SETLOCALE 1
#define HAVE_STRCASECMP 1
#define HAVE_STRCHR 1
#define HAVE_STRDUP 1
#define HAVE_STRERROR 1
#define HAVE_STRNCASECMP 1
#define HAVE_STRTOL 1
#define HAVE_VISIBILITY 1
#define HAVE_STDINT_H_WITH_UINTMAX 1
#define HAVE_ALLOCA_H 1
#define HAVE_ALLOCA 1
#define HAVE_STDLIB_H 1
#define HAVE_UNISTD_H 1
#define HAVE_GETPAGESIZE 1
#define HAVE_MMAP 1
#define INTDIV0_RAISES_SIGFPE 1
#define HAVE_INTTYPES_H_WITH_UINTMAX 1
#define HAVE_UNSIGNED_LONG_LONG_INT 1
#define HAVE_UNSIGNED_LONG_LONG 1
#define HAVE_UINTMAX_T 1
#define HAVE_INTTYPES_H 1
#define USE_POSIX_THREADS 1
#define USE_POSIX_THREADS_WEAK 1
#define HAVE_PTHREAD_RWLOCK 1
#define HAVE_PTHREAD_MUTEX_RECURSIVE 1
#define HAVE_BUILTIN_EXPECT 1
#define HAVE_ARGZ_H 1
#define HAVE_INTTYPES_H 1
#define HAVE_LIMITS_H 1
#define HAVE_UNISTD_H 1
#define HAVE_SYS_PARAM_H 1
#define HAVE_GETCWD 1
#define HAVE_GETEGID 1
#define HAVE_GETEUID 1
#define HAVE_GETGID 1
#define HAVE_GETUID 1
#define HAVE_MEMPCPY 1
#define HAVE_MUNMAP 1
#define HAVE_STPCPY 1
#define HAVE_STRCASECMP 1
#define HAVE_STRDUP 1
#define HAVE_STRTOUL 1
#define HAVE_TSEARCH 1
#define HAVE_ARGZ_COUNT 1
#define HAVE_ARGZ_STRINGIFY 1
#define HAVE_ARGZ_NEXT 1
#define HAVE___FSETLOCKING 1
#define HAVE_DECL_FEOF_UNLOCKED 1
#define HAVE_DECL_FGETS_UNLOCKED 1
#define HAVE_ICONV 1
#define ICONV_CONST 
#define HAVE_NL_LOCALE_NAME 1
#define HAVE_LONG_LONG_INT 1
#define HAVE_LONG_DOUBLE 1
#define HAVE_WCHAR_T 1
#define HAVE_WINT_T 1
#define HAVE_INTMAX_T 1
#define HAVE_POSIX_PRINTF 1
#define HAVE_STDINT_H 1
#define HAVE_STDINT_H 1
#define HAVE_STDDEF_H 1
#define HAVE_STDLIB_H 1
#define HAVE_STRING_H 1
#define HAVE_ASPRINTF 1
#define HAVE_FWPRINTF 1
#define HAVE_PUTENV 1
#define HAVE_SETENV 1
#define HAVE_SETLOCALE 1
#define HAVE_SNPRINTF 1
#define HAVE_WCSLEN 1
#define HAVE_DECL__SNPRINTF 0
#define HAVE_DECL__SNWPRINTF 0
#define HAVE_DECL_GETC_UNLOCKED 1
#define HAVE_LANGINFO_CODESET 1
#define HAVE_LC_MESSAGES 1
#define ENABLE_NLS 1
#define HAVE_GETTEXT 1
#define HAVE_DCGETTEXT 1

configure: exit 0

## ---------------------- ##
## Running config.status. ##
## ---------------------- ##

This file was extended by btnx-config config.status 0.4.9, which was
generated by GNU Autoconf 2.61.  Invocation command line was

  CONFIG_FILES    = 
  CONFIG_HEADERS  = 
  CONFIG_LINKS    = 
  CONFIG_COMMANDS = 
  $ ./config.status 

on rmcguire-m

config.status:727: creating Makefile
config.status:727: creating src/Makefile
config.status:727: creating doc/Makefile
config.status:727: creating doc/btnx-manual/Makefile
config.status:727: creating doc/btnx-manual/C/Makefile
config.status:727: creating po/Makefile.in
config.status:727: creating intl/Makefile
config.status:727: creating config.h
config.status:1082: config.h is unchanged
config.status:1128: executing depfiles commands
config.status:1128: executing po-directories commands

## ---------------------- ##
## Running config.status. ##
## ---------------------- ##

This file was extended by btnx-config config.status 0.4.9, which was
generated by GNU Autoconf 2.61.  Invocation command line was

  CONFIG_FILES    = 
  CONFIG_HEADERS  = 
  CONFIG_LINKS    = 
  CONFIG_COMMANDS = 
  $ ./config.status config.h

on rmcguire-m

config.status:727: creating config.h
config.status:1082: config.h is unchanged

## ---------------------- ##
## Running config.status. ##
## ---------------------- ##

This file was extended by btnx-config config.status 0.4.9, which was
generated by GNU Autoconf 2.61.  Invocation command line was

  CONFIG_FILES    = 
  CONFIG_HEADERS  = 
  CONFIG_LINKS    = 
  CONFIG_COMMANDS = 
  $ ./config.status src/Makefile depfiles

on rmcguire-m

config.status:727: creating src/Makefile
config.status:1128: executing depfiles commands
